[2013-12-22 20:49:03] gemset_import
gemset_import () 
{ 
    typeset rvm_file_name;
    typeset -a gem_file_names;
    unset -f gem;
    __rvm_select;
    gem_file_names=("${1%.gems*}.gems" "${rvm_gemset_name}.gems" "default.gems" "system.gems" ".gems");
    __rvm_find_first_file rvm_file_name "${gem_file_names[@]}" || { 
        rvm_error "No *.gems file found.";
        return 1
    };
    [[ -d "$rvm_ruby_gem_home/specifications/" ]] || mkdir -p "$rvm_ruby_gem_home/specifications/";
    [[ -d "$rvm_gems_cache_path" ]] || mkdir -p "$rvm_gems_cache_path";
    if [[ -s "$rvm_file_name" ]]; then
        rvm_log "\nInstalling gems listed in $rvm_file_name file...\n";
        typeset -a lines;
        __rvm_read_lines lines "${rvm_file_name}";
        for line in "${lines[@]}";
        do
            if [[ ! "${line}" =~ ^# && -n "${line// /}" ]]; then
                gem_install $line || rvm_error "there was an error installing gem $line";
            fi;
        done;
        rvm_log "\nProcessing of $rvm_file_name is complete.\n";
    else
        rvm_error "${rvm_file_name} does not exist to import from.";
        return 1;
    fi
}
current path: /Users/owner/.rvm/src/ruby-2.0.0-p353
GEM_HOME=/Users/owner/.rvm/gems/ruby-2.0.0-p353@global
PATH=/Users/owner/.rvm/gems/ruby-2.0.0-p353@global/bin:/Users/owner/.rvm/rubies/ruby-2.0.0-p353/bin:/Users/owner/.rvm/bin:/usr/local/opt/pkg-config/bin:/usr/local/opt/libtool/bin:/usr/local/opt/automake/bin:/usr/local/opt/autoconf/bin:/usr/bin:/bin:/usr/sbin:/sbin:/usr/local/bin
GEM_PATH=/Users/owner/.rvm/gems/ruby-2.0.0-p353@global
command(2): gemset_import /Users/owner/.rvm/gemsets/global.gems

Installing gems listed in /Users/owner/.rvm/gemsets/global.gems file...

[2013-12-22 20:49:03] gem
current path: /Users/owner/.rvm/src/ruby-2.0.0-p353
GEM_HOME=/Users/owner/.rvm/gems/ruby-2.0.0-p353@global
PATH=/Users/owner/.rvm/gems/ruby-2.0.0-p353@global/bin:/Users/owner/.rvm/rubies/ruby-2.0.0-p353/bin:/Users/owner/.rvm/bin:/usr/local/opt/pkg-config/bin:/usr/local/opt/libtool/bin:/usr/local/opt/automake/bin:/usr/local/opt/autoconf/bin:/usr/bin:/bin:/usr/sbin:/sbin:/usr/local/bin
GEM_PATH=/Users/owner/.rvm/gems/ruby-2.0.0-p353@global
command(3): gem install gem-wrappers
installing gem 'gem-wrappers'
Building native extensions.  This could take a while...
Successfully installed gem-wrappers-1.2.1
Parsing documentation for gem-wrappers-1.2.1
Installing ri documentation for gem-wrappers-1.2.1
1 gem installed
[2013-12-22 20:49:13] gem
current path: /Users/owner/.rvm/src/ruby-2.0.0-p353
GEM_HOME=/Users/owner/.rvm/gems/ruby-2.0.0-p353@global
PATH=/Users/owner/.rvm/gems/ruby-2.0.0-p353@global/bin:/Users/owner/.rvm/rubies/ruby-2.0.0-p353/bin:/Users/owner/.rvm/bin:/usr/local/opt/pkg-config/bin:/usr/local/opt/libtool/bin:/usr/local/opt/automake/bin:/usr/local/opt/autoconf/bin:/usr/bin:/bin:/usr/sbin:/sbin:/usr/local/bin
GEM_PATH=/Users/owner/.rvm/gems/ruby-2.0.0-p353@global
command(3): gem install rubygems-bundler
installing gem 'rubygems-bundler'
Successfully installed bundler-unload-1.0.2
Building native extensions.  This could take a while...
# In case of problems run the following command to update binstubs:
gem regenerate_binstubs
Successfully installed executable-hooks-1.2.6
Successfully installed rubygems-bundler-1.4.2
Parsing documentation for bundler-unload-1.0.2
Installing ri documentation for bundler-unload-1.0.2
Parsing documentation for executable-hooks-1.2.6
Installing ri documentation for executable-hooks-1.2.6
Parsing documentation for rubygems-bundler-1.4.2
Installing ri documentation for rubygems-bundler-1.4.2
3 gems installed
[2013-12-22 20:49:23] gem
current path: /Users/owner/.rvm/src/ruby-2.0.0-p353
GEM_HOME=/Users/owner/.rvm/gems/ruby-2.0.0-p353@global
PATH=/Users/owner/.rvm/gems/ruby-2.0.0-p353@global/bin:/Users/owner/.rvm/rubies/ruby-2.0.0-p353/bin:/Users/owner/.rvm/bin:/usr/local/opt/pkg-config/bin:/usr/local/opt/libtool/bin:/usr/local/opt/automake/bin:/usr/local/opt/autoconf/bin:/usr/bin:/bin:/usr/sbin:/sbin:/usr/local/bin
GEM_PATH=/Users/owner/.rvm/gems/ruby-2.0.0-p353@global
command(3): gem install bundler
installing gem 'bundler'
Successfully installed bundler-1.3.5
Parsing documentation for bundler-1.3.5
Installing ri documentation for bundler-1.3.5
1 gem installed
gem 'rake' is already installed
[2013-12-22 20:49:32] gem
current path: /Users/owner/.rvm/src/ruby-2.0.0-p353
GEM_HOME=/Users/owner/.rvm/gems/ruby-2.0.0-p353@global
PATH=/Users/owner/.rvm/gems/ruby-2.0.0-p353@global/bin:/Users/owner/.rvm/rubies/ruby-2.0.0-p353/bin:/Users/owner/.rvm/bin:/usr/local/opt/pkg-config/bin:/usr/local/opt/libtool/bin:/usr/local/opt/automake/bin:/usr/local/opt/autoconf/bin:/usr/bin:/bin:/usr/sbin:/sbin:/usr/local/bin
GEM_PATH=/Users/owner/.rvm/gems/ruby-2.0.0-p353@global
command(3): gem install rvm
installing gem 'rvm'
Successfully installed rvm-1.11.3.8
Parsing documentation for rvm-1.11.3.8
Installing ri documentation for rvm-1.11.3.8
1 gem installed

Processing of /Users/owner/.rvm/gemsets/global.gems is complete.

