

Started GET "/" for 127.0.0.1 at 2013-12-31 21:47:43 -0500
Processing by Rails::WelcomeController#index as HTML
  Rendered /Users/owner/.rvm/gems/ruby-2.0.0-p353@global/gems/railties-4.0.2/lib/rails/templates/rails/welcome/index.html.erb (2.5ms)
Completed 200 OK in 31ms (Views: 12.9ms | ActiveRecord: 0.0ms)


Started GET "/rails/info/properties" for 127.0.0.1 at 2013-12-31 21:49:44 -0500
Processing by Rails::InfoController#properties as */*
  Rendered /Users/owner/.rvm/gems/ruby-2.0.0-p353@global/gems/railties-4.0.2/lib/rails/templates/rails/info/properties.html.erb (0.7ms)
Completed 200 OK in 48ms (Views: 13.9ms | ActiveRecord: 2.4ms)


Started GET "/" for 127.0.0.1 at 2013-12-31 21:53:29 -0500
Processing by Rails::WelcomeController#index as HTML
  Rendered /Users/owner/.rvm/gems/ruby-2.0.0-p353@global/gems/railties-4.0.2/lib/rails/templates/rails/welcome/index.html.erb (0.1ms)
Completed 200 OK in 2ms (Views: 1.6ms | ActiveRecord: 0.0ms)


Started GET "/rails/info/properties" for 127.0.0.1 at 2013-12-31 21:53:32 -0500
Processing by Rails::InfoController#properties as */*
  Rendered /Users/owner/.rvm/gems/ruby-2.0.0-p353@global/gems/railties-4.0.2/lib/rails/templates/rails/info/properties.html.erb (0.0ms)
Completed 200 OK in 9ms (Views: 8.8ms | ActiveRecord: 0.0ms)


Started GET "/" for 127.0.0.1 at 2013-12-31 21:55:17 -0500
Processing by Rails::WelcomeController#index as HTML
  Rendered /Users/owner/.rvm/gems/ruby-2.0.0-p353@global/gems/railties-4.0.2/lib/rails/templates/rails/welcome/index.html.erb (0.1ms)
Completed 200 OK in 2ms (Views: 1.9ms | ActiveRecord: 0.0ms)


Started GET "/rails/info/properties" for 127.0.0.1 at 2013-12-31 21:55:24 -0500
Processing by Rails::InfoController#properties as */*
  Rendered /Users/owner/.rvm/gems/ruby-2.0.0-p353@global/gems/railties-4.0.2/lib/rails/templates/rails/info/properties.html.erb (0.0ms)
Completed 200 OK in 9ms (Views: 8.3ms | ActiveRecord: 0.0ms)
